2024-09-26T13:07:58.321Z - Error getting payment key: - AxiosError: Request failed with status code 400
    at settle (C:\Users\moham\Downloads\le chef (3)\le chef\node_modules\axios\dist\node\axios.cjs:2019:12)
    at IncomingMessage.handleStreamEnd (C:\Users\moham\Downloads\le chef (3)\le chef\node_modules\axios\dist\node\axios.cjs:3135:11)
    at IncomingMessage.emit (node:events:530:35)
    at endReadableNT (node:internal/streams/readable:1696:12)
    at process.processTicksAndRejections (node:internal/process/task_queues:82:21)
    at Axios.request (C:\Users\moham\Downloads\le chef (3)\le chef\node_modules\axios\dist\node\axios.cjs:4287:41)
    at process.processTicksAndRejections (node:internal/process/task_queues:95:5)
    at async Object.getPaymentKey (C:\Users\moham\Downloads\le chef (3)\le chef\Services\paymobService.js:82:24)
    at async Object.createCreditCardPayment (C:\Users\moham\Downloads\le chef (3)\le chef\Services\paymobService.js:124:28)
    at async exports.initiateCreditCardPayment (C:\Users\moham\Downloads\le chef (3)\le chef\Controllers\Admin\PaymentManager\PaymentController:82:31)
2024-09-26T13:07:58.376Z - Error creating credit card payment: - AxiosError: Request failed with status code 400
    at settle (C:\Users\moham\Downloads\le chef (3)\le chef\node_modules\axios\dist\node\axios.cjs:2019:12)
    at IncomingMessage.handleStreamEnd (C:\Users\moham\Downloads\le chef (3)\le chef\node_modules\axios\dist\node\axios.cjs:3135:11)
    at IncomingMessage.emit (node:events:530:35)
    at endReadableNT (node:internal/streams/readable:1696:12)
    at process.processTicksAndRejections (node:internal/process/task_queues:82:21)
    at Axios.request (C:\Users\moham\Downloads\le chef (3)\le chef\node_modules\axios\dist\node\axios.cjs:4287:41)
    at process.processTicksAndRejections (node:internal/process/task_queues:95:5)
    at async Object.getPaymentKey (C:\Users\moham\Downloads\le chef (3)\le chef\Services\paymobService.js:82:24)
    at async Object.createCreditCardPayment (C:\Users\moham\Downloads\le chef (3)\le chef\Services\paymobService.js:124:28)
    at async exports.initiateCreditCardPayment (C:\Users\moham\Downloads\le chef (3)\le chef\Controllers\Admin\PaymentManager\PaymentController:82:31)
